Analysis & Synthesis report for miniproject
Sun May 29 17:13:12 2022
Quartus II 64-Bit Version 13.0.1 Build 232 06/12/2013 Service Pack 1 SJ Web Edition


---------------------
; Table of Contents ;
---------------------
  1. Legal Notice
  2. Analysis & Synthesis Summary
  3. Analysis & Synthesis Settings
  4. Parallel Compilation
  5. Analysis & Synthesis IP Cores Summary
  6. Analysis & Synthesis Messages



----------------
; Legal Notice ;
----------------
Copyright (C) 1991-2013 Altera Corporation
Your use of Altera Corporation's design tools, logic functions 
and other software and tools, and its AMPP partner logic 
functions, and any output files from any of the foregoing 
(including device programming or simulation files), and any 
associated documentation or information are expressly subject 
to the terms and conditions of the Altera Program License 
Subscription Agreement, Altera MegaCore Function License 
Agreement, or other applicable license agreement, including, 
without limitation, that your use is for the sole purpose of 
programming logic devices manufactured by Altera and sold by 
Altera or its authorized distributors.  Please refer to the 
applicable agreement for further details.



+--------------------------------------------------------------------------------------+
; Analysis & Synthesis Summary                                                         ;
+------------------------------------+-------------------------------------------------+
; Analysis & Synthesis Status        ; Failed - Sun May 29 17:13:12 2022               ;
; Quartus II 64-Bit Version          ; 13.0.1 Build 232 06/12/2013 SP 1 SJ Web Edition ;
; Revision Name                      ; miniproject                                     ;
; Top-level Entity Name              ; flappyBirdFinal                                 ;
; Family                             ; Cyclone III                                     ;
; Total logic elements               ; N/A until Partition Merge                       ;
;     Total combinational functions  ; N/A until Partition Merge                       ;
;     Dedicated logic registers      ; N/A until Partition Merge                       ;
; Total registers                    ; N/A until Partition Merge                       ;
; Total pins                         ; N/A until Partition Merge                       ;
; Total virtual pins                 ; N/A until Partition Merge                       ;
; Total memory bits                  ; N/A until Partition Merge                       ;
; Embedded Multiplier 9-bit elements ; N/A until Partition Merge                       ;
; Total PLLs                         ; N/A until Partition Merge                       ;
+------------------------------------+-------------------------------------------------+


+----------------------------------------------------------------------------------------------------------------------+
; Analysis & Synthesis Settings                                                                                        ;
+----------------------------------------------------------------------------+--------------------+--------------------+
; Option                                                                     ; Setting            ; Default Value      ;
+----------------------------------------------------------------------------+--------------------+--------------------+
; Device                                                                     ; EP3C16F484C6       ;                    ;
; Top-level entity name                                                      ; flappyBirdFinal    ; miniproject        ;
; Family name                                                                ; Cyclone III        ; Cyclone IV GX      ;
; Use smart compilation                                                      ; Off                ; Off                ;
; Enable parallel Assembler and TimeQuest Timing Analyzer during compilation ; On                 ; On                 ;
; Enable compact report table                                                ; Off                ; Off                ;
; Restructure Multiplexers                                                   ; Auto               ; Auto               ;
; Create Debugging Nodes for IP Cores                                        ; Off                ; Off                ;
; Preserve fewer node names                                                  ; On                 ; On                 ;
; Disable OpenCore Plus hardware evaluation                                  ; Off                ; Off                ;
; Verilog Version                                                            ; Verilog_2001       ; Verilog_2001       ;
; VHDL Version                                                               ; VHDL_1993          ; VHDL_1993          ;
; State Machine Processing                                                   ; Auto               ; Auto               ;
; Safe State Machine                                                         ; Off                ; Off                ;
; Extract Verilog State Machines                                             ; On                 ; On                 ;
; Extract VHDL State Machines                                                ; On                 ; On                 ;
; Ignore Verilog initial constructs                                          ; Off                ; Off                ;
; Iteration limit for constant Verilog loops                                 ; 5000               ; 5000               ;
; Iteration limit for non-constant Verilog loops                             ; 250                ; 250                ;
; Add Pass-Through Logic to Inferred RAMs                                    ; On                 ; On                 ;
; Infer RAMs from Raw Logic                                                  ; On                 ; On                 ;
; Parallel Synthesis                                                         ; On                 ; On                 ;
; DSP Block Balancing                                                        ; Auto               ; Auto               ;
; NOT Gate Push-Back                                                         ; On                 ; On                 ;
; Power-Up Don't Care                                                        ; On                 ; On                 ;
; Remove Redundant Logic Cells                                               ; Off                ; Off                ;
; Remove Duplicate Registers                                                 ; On                 ; On                 ;
; Ignore CARRY Buffers                                                       ; Off                ; Off                ;
; Ignore CASCADE Buffers                                                     ; Off                ; Off                ;
; Ignore GLOBAL Buffers                                                      ; Off                ; Off                ;
; Ignore ROW GLOBAL Buffers                                                  ; Off                ; Off                ;
; Ignore LCELL Buffers                                                       ; Off                ; Off                ;
; Ignore SOFT Buffers                                                        ; On                 ; On                 ;
; Limit AHDL Integers to 32 Bits                                             ; Off                ; Off                ;
; Optimization Technique                                                     ; Balanced           ; Balanced           ;
; Carry Chain Length                                                         ; 70                 ; 70                 ;
; Auto Carry Chains                                                          ; On                 ; On                 ;
; Auto Open-Drain Pins                                                       ; On                 ; On                 ;
; Perform WYSIWYG Primitive Resynthesis                                      ; Off                ; Off                ;
; Auto ROM Replacement                                                       ; On                 ; On                 ;
; Auto RAM Replacement                                                       ; On                 ; On                 ;
; Auto DSP Block Replacement                                                 ; On                 ; On                 ;
; Auto Shift Register Replacement                                            ; Auto               ; Auto               ;
; Allow Shift Register Merging across Hierarchies                            ; Auto               ; Auto               ;
; Auto Clock Enable Replacement                                              ; On                 ; On                 ;
; Strict RAM Replacement                                                     ; Off                ; Off                ;
; Allow Synchronous Control Signals                                          ; On                 ; On                 ;
; Force Use of Synchronous Clear Signals                                     ; Off                ; Off                ;
; Auto RAM Block Balancing                                                   ; On                 ; On                 ;
; Auto RAM to Logic Cell Conversion                                          ; Off                ; Off                ;
; Auto Resource Sharing                                                      ; Off                ; Off                ;
; Allow Any RAM Size For Recognition                                         ; Off                ; Off                ;
; Allow Any ROM Size For Recognition                                         ; Off                ; Off                ;
; Allow Any Shift Register Size For Recognition                              ; Off                ; Off                ;
; Use LogicLock Constraints during Resource Balancing                        ; On                 ; On                 ;
; Ignore translate_off and synthesis_off directives                          ; Off                ; Off                ;
; Timing-Driven Synthesis                                                    ; On                 ; On                 ;
; Report Parameter Settings                                                  ; On                 ; On                 ;
; Report Source Assignments                                                  ; On                 ; On                 ;
; Report Connectivity Checks                                                 ; On                 ; On                 ;
; Ignore Maximum Fan-Out Assignments                                         ; Off                ; Off                ;
; Synchronization Register Chain Length                                      ; 2                  ; 2                  ;
; PowerPlay Power Optimization                                               ; Normal compilation ; Normal compilation ;
; HDL message level                                                          ; Level2             ; Level2             ;
; Suppress Register Optimization Related Messages                            ; Off                ; Off                ;
; Number of Removed Registers Reported in Synthesis Report                   ; 5000               ; 5000               ;
; Number of Swept Nodes Reported in Synthesis Report                         ; 5000               ; 5000               ;
; Number of Inverted Registers Reported in Synthesis Report                  ; 100                ; 100                ;
; Clock MUX Protection                                                       ; On                 ; On                 ;
; Auto Gated Clock Conversion                                                ; Off                ; Off                ;
; Block Design Naming                                                        ; Auto               ; Auto               ;
; SDC constraint protection                                                  ; Off                ; Off                ;
; Synthesis Effort                                                           ; Auto               ; Auto               ;
; Shift Register Replacement - Allow Asynchronous Clear Signal               ; On                 ; On                 ;
; Pre-Mapping Resynthesis Optimization                                       ; Off                ; Off                ;
; Analysis & Synthesis Message Level                                         ; Medium             ; Medium             ;
; Disable Register Merging Across Hierarchies                                ; Auto               ; Auto               ;
; Resource Aware Inference For Block RAM                                     ; On                 ; On                 ;
; Synthesis Seed                                                             ; 1                  ; 1                  ;
+----------------------------------------------------------------------------+--------------------+--------------------+


Parallel compilation was disabled, but you have multiple processors available. Enable parallel compilation to reduce compilation time.
+-------------------------------------+
; Parallel Compilation                ;
+----------------------------+--------+
; Processors                 ; Number ;
+----------------------------+--------+
; Number detected on machine ; 8      ;
; Maximum allowed            ; 1      ;
+----------------------------+--------+


+------------------------------------------------------------------------------------------------------------------------------------------------------------------------------------+
; Analysis & Synthesis IP Cores Summary                                                                                                                                              ;
+--------+--------------+---------+--------------+--------------+--------------------------------+-----------------------------------------------------------------------------------+
; Vendor ; IP Core Name ; Version ; Release Date ; License Type ; Entity Instance                ; IP Include File                                                                   ;
+--------+--------------+---------+--------------+--------------+--------------------------------+-----------------------------------------------------------------------------------+
; Altera ; ALTPLL       ; 13.0    ; N/A          ; N/A          ; |flappyBirdFinal|altpll0:inst1 ; C:/Users/rnata/Documents/GitHub/Compsys305-Mini-Project/Quartus Files/altpll0.vhd ;
+--------+--------------+---------+--------------+--------------+--------------------------------+-----------------------------------------------------------------------------------+


+-------------------------------+
; Analysis & Synthesis Messages ;
+-------------------------------+
Info: *******************************************************************
Info: Running Quartus II 64-Bit Analysis & Synthesis
    Info: Version 13.0.1 Build 232 06/12/2013 Service Pack 1 SJ Web Edition
    Info: Processing started: Sun May 29 17:13:10 2022
Info: Command: quartus_map --read_settings_files=on --write_settings_files=off miniproject -c miniproject
Warning (20028): Parallel compilation is not licensed and has been disabled
Info (12021): Found 2 design units, including 1 entities, in source file /users/rnata/documents/github/compsys305-mini-project/miniproject files/miniprojectresources/collision.vhd
    Info (12022): Found design unit 1: collision-behavior
    Info (12023): Found entity 1: collision
Info (12021): Found 2 design units, including 1 entities, in source file /users/rnata/documents/github/compsys305-mini-project/miniproject files/miniprojectresources/statemachinet.vhd
    Info (12022): Found design unit 1: fsm-Mealy
    Info (12023): Found entity 1: fsm
Info (12021): Found 2 design units, including 1 entities, in source file /users/rnata/documents/github/compsys305-mini-project/miniproject files/miniprojectresources/texttodisplay.vhd
    Info (12022): Found design unit 1: textToDisplay-a
    Info (12023): Found entity 1: textToDisplay
Info (12021): Found 1 design units, including 1 entities, in source file mouseinterface.bdf
    Info (12023): Found entity 1: mouseInterface
Info (12021): Found 2 design units, including 1 entities, in source file /users/rnata/documents/github/compsys305-mini-project/miniproject files/miniprojectresources/vga_sync.vhd
    Info (12022): Found design unit 1: VGA_SYNC-a
    Info (12023): Found entity 1: VGA_SYNC
Info (12021): Found 2 design units, including 1 entities, in source file /users/rnata/documents/github/compsys305-mini-project/miniproject files/miniprojectresources/mouse.vhd
    Info (12022): Found design unit 1: MOUSE-behavior
    Info (12023): Found entity 1: MOUSE
Info (12021): Found 2 design units, including 1 entities, in source file /users/rnata/documents/github/compsys305-mini-project/miniproject files/miniprojectresources/char_rom.vhd
    Info (12022): Found design unit 1: char_rom-SYN
    Info (12023): Found entity 1: char_rom
Info (12021): Found 2 design units, including 1 entities, in source file /users/rnata/documents/github/compsys305-mini-project/miniproject files/miniprojectresources/bouncy_ball.vhd
    Info (12022): Found design unit 1: bouncy_ball-behavior
    Info (12023): Found entity 1: bouncy_ball
Info (12021): Found 2 design units, including 1 entities, in source file /users/rnata/documents/github/compsys305-mini-project/miniproject files/miniprojectresources/ball.vhd
    Info (12022): Found design unit 1: ball-behavior
    Info (12023): Found entity 1: ball
Info (12021): Found 1 design units, including 1 entities, in source file textdisplay.bdf
    Info (12023): Found entity 1: TextDisplay
Info (12021): Found 2 design units, including 1 entities, in source file /users/rnata/documents/github/compsys305-mini-project/miniproject files/miniprojectresources/seven_seg.vhd
    Info (12022): Found design unit 1: seven_seg-arc2
    Info (12023): Found entity 1: seven_seg
Info (12021): Found 1 design units, including 1 entities, in source file movingball.bdf
    Info (12023): Found entity 1: movingball
Info (12021): Found 1 design units, including 1 entities, in source file vgadisplay.bdf
    Info (12023): Found entity 1: VGAdisplay
Info (12021): Found 2 design units, including 1 entities, in source file altpll0.vhd
    Info (12022): Found design unit 1: altpll0-SYN
    Info (12023): Found entity 1: altpll0
Info (12021): Found 1 design units, including 1 entities, in source file output_files/ballwmouse.bdf
    Info (12023): Found entity 1: ballWMouse
Info (12021): Found 2 design units, including 1 entities, in source file /users/rnata/documents/github/compsys305-mini-project/miniproject files/miniprojectresources/priority.vhd
    Info (12022): Found design unit 1: Priority-a
    Info (12023): Found entity 1: Priority
Info (12021): Found 2 design units, including 1 entities, in source file /users/rnata/documents/github/compsys305-mini-project/miniproject files/miniprojectresources/background.vhd
    Info (12022): Found design unit 1: Background-a
    Info (12023): Found entity 1: Background
Info (12021): Found 1 design units, including 1 entities, in source file fsmandbackground.bdf
    Info (12023): Found entity 1: FSMandBackground
Info (12021): Found 1 design units, including 1 entities, in source file flappybirdfinal.bdf
    Info (12023): Found entity 1: flappyBirdFinal
Info (12021): Found 2 design units, including 1 entities, in source file /users/rnata/documents/github/compsys305-mini-project/miniproject files/miniprojectresources/pipes.vhd
    Info (12022): Found design unit 1: pipes-behavior
    Info (12023): Found entity 1: pipes
Info (12021): Found 2 design units, including 1 entities, in source file /users/rnata/documents/github/compsys305-mini-project/miniproject files/miniprojectresources/randomnums.vhd
    Info (12022): Found design unit 1: randomNums-behaviour
    Info (12023): Found entity 1: randomNums
Info (12021): Found 2 design units, including 1 entities, in source file /users/rnata/documents/github/compsys305-mini-project/miniproject files/miniprojectresources/powerup.vhd
    Info (12022): Found design unit 1: powerup-behavior
    Info (12023): Found entity 1: powerup
Info (12127): Elaborating entity "flappyBirdFinal" for the top level hierarchy
Warning (275011): Block or symbol "GND" of instance "inst13" overlaps another block or symbol
Info (12128): Elaborating entity "VGA_SYNC" for hierarchy "VGA_SYNC:inst8"
Info (12128): Elaborating entity "altpll0" for hierarchy "altpll0:inst1"
Info (12128): Elaborating entity "altpll" for hierarchy "altpll0:inst1|altpll:altpll_component"
Info (12130): Elaborated megafunction instantiation "altpll0:inst1|altpll:altpll_component"
Info (12133): Instantiated megafunction "altpll0:inst1|altpll:altpll_component" with the following parameter:
    Info (12134): Parameter "bandwidth_type" = "AUTO"
    Info (12134): Parameter "clk0_divide_by" = "2"
    Info (12134): Parameter "clk0_duty_cycle" = "50"
    Info (12134): Parameter "clk0_multiply_by" = "1"
    Info (12134): Parameter "clk0_phase_shift" = "0"
    Info (12134): Parameter "compensate_clock" = "CLK0"
    Info (12134): Parameter "inclk0_input_frequency" = "20000"
    Info (12134): Parameter "intended_device_family" = "Cyclone III"
    Info (12134): Parameter "lpm_hint" = "CBX_MODULE_PREFIX=altpll0"
    Info (12134): Parameter "lpm_type" = "altpll"
    Info (12134): Parameter "operation_mode" = "NORMAL"
    Info (12134): Parameter "pll_type" = "AUTO"
    Info (12134): Parameter "port_activeclock" = "PORT_UNUSED"
    Info (12134): Parameter "port_areset" = "PORT_USED"
    Info (12134): Parameter "port_clkbad0" = "PORT_UNUSED"
    Info (12134): Parameter "port_clkbad1" = "PORT_UNUSED"
    Info (12134): Parameter "port_clkloss" = "PORT_UNUSED"
    Info (12134): Parameter "port_clkswitch" = "PORT_UNUSED"
    Info (12134): Parameter "port_configupdate" = "PORT_UNUSED"
    Info (12134): Parameter "port_fbin" = "PORT_UNUSED"
    Info (12134): Parameter "port_inclk0" = "PORT_USED"
    Info (12134): Parameter "port_inclk1" = "PORT_UNUSED"
    Info (12134): Parameter "port_locked" = "PORT_USED"
    Info (12134): Parameter "port_pfdena" = "PORT_UNUSED"
    Info (12134): Parameter "port_phasecounterselect" = "PORT_UNUSED"
    Info (12134): Parameter "port_phasedone" = "PORT_UNUSED"
    Info (12134): Parameter "port_phasestep" = "PORT_UNUSED"
    Info (12134): Parameter "port_phaseupdown" = "PORT_UNUSED"
    Info (12134): Parameter "port_pllena" = "PORT_UNUSED"
    Info (12134): Parameter "port_scanaclr" = "PORT_UNUSED"
    Info (12134): Parameter "port_scanclk" = "PORT_UNUSED"
    Info (12134): Parameter "port_scanclkena" = "PORT_UNUSED"
    Info (12134): Parameter "port_scandata" = "PORT_UNUSED"
    Info (12134): Parameter "port_scandataout" = "PORT_UNUSED"
    Info (12134): Parameter "port_scandone" = "PORT_UNUSED"
    Info (12134): Parameter "port_scanread" = "PORT_UNUSED"
    Info (12134): Parameter "port_scanwrite" = "PORT_UNUSED"
    Info (12134): Parameter "port_clk0" = "PORT_USED"
    Info (12134): Parameter "port_clk1" = "PORT_UNUSED"
    Info (12134): Parameter "port_clk2" = "PORT_UNUSED"
    Info (12134): Parameter "port_clk3" = "PORT_UNUSED"
    Info (12134): Parameter "port_clk4" = "PORT_UNUSED"
    Info (12134): Parameter "port_clk5" = "PORT_UNUSED"
    Info (12134): Parameter "port_clkena0" = "PORT_UNUSED"
    Info (12134): Parameter "port_clkena1" = "PORT_UNUSED"
    Info (12134): Parameter "port_clkena2" = "PORT_UNUSED"
    Info (12134): Parameter "port_clkena3" = "PORT_UNUSED"
    Info (12134): Parameter "port_clkena4" = "PORT_UNUSED"
    Info (12134): Parameter "port_clkena5" = "PORT_UNUSED"
    Info (12134): Parameter "port_extclk0" = "PORT_UNUSED"
    Info (12134): Parameter "port_extclk1" = "PORT_UNUSED"
    Info (12134): Parameter "port_extclk2" = "PORT_UNUSED"
    Info (12134): Parameter "port_extclk3" = "PORT_UNUSED"
    Info (12134): Parameter "self_reset_on_loss_lock" = "OFF"
    Info (12134): Parameter "width_clock" = "5"
Info (12021): Found 1 design units, including 1 entities, in source file db/altpll0_altpll.v
    Info (12023): Found entity 1: altpll0_altpll
Info (12128): Elaborating entity "altpll0_altpll" for hierarchy "altpll0:inst1|altpll:altpll_component|altpll0_altpll:auto_generated"
Info (12128): Elaborating entity "Priority" for hierarchy "Priority:inst5"
Info (12128): Elaborating entity "bouncy_ball" for hierarchy "bouncy_ball:inst7"
Info (12128): Elaborating entity "MOUSE" for hierarchy "MOUSE:inst2"
Warning (10036): Verilog HDL or VHDL warning at mouse.vhd(25): object "CHARIN" assigned a value but never read
Warning (10492): VHDL Process Statement warning at mouse.vhd(151): signal "CHAROUT" is read inside the Process Statement but isn't in the Process Statement's sensitivity list
Warning (10492): VHDL Process Statement warning at mouse.vhd(155): signal "CHAROUT" is read inside the Process Statement but isn't in the Process Statement's sensitivity list
Warning (10492): VHDL Process Statement warning at mouse.vhd(156): signal "CHAROUT" is read inside the Process Statement but isn't in the Process Statement's sensitivity list
Warning (10492): VHDL Process Statement warning at mouse.vhd(157): signal "CHAROUT" is read inside the Process Statement but isn't in the Process Statement's sensitivity list
Info (12128): Elaborating entity "fsm" for hierarchy "fsm:inst24"
Warning (10492): VHDL Process Statement warning at statemachinet.vhd(73): signal "reset" is read inside the Process Statement but isn't in the Process Statement's sensitivity list
Warning (10492): VHDL Process Statement warning at statemachinet.vhd(82): signal "reset" is read inside the Process Statement but isn't in the Process Statement's sensitivity list
Warning (10492): VHDL Process Statement warning at statemachinet.vhd(89): signal "reset" is read inside the Process Statement but isn't in the Process Statement's sensitivity list
Info (12128): Elaborating entity "collision" for hierarchy "collision:inst6"
Warning (10036): Verilog HDL or VHDL warning at collision.vhd(23): object "pipeTopMin_y" assigned a value but never read
Warning (10036): Verilog HDL or VHDL warning at collision.vhd(24): object "pipeBtmMax_y" assigned a value but never read
Info (12128): Elaborating entity "pipes" for hierarchy "pipes:inst32"
Warning (10540): VHDL Signal Declaration warning at pipes.vhd(29): used explicit default value for signal "gap" because signal was never assigned a value
Info (12128): Elaborating entity "randomNums" for hierarchy "randomNums:inst10"
Info (12128): Elaborating entity "Background" for hierarchy "Background:inst23"
Warning (10631): VHDL Process Statement warning at background.vhd(17): inferring latch(es) for signal or variable "red_out", which holds its previous value in one or more paths through the process
Warning (10631): VHDL Process Statement warning at background.vhd(17): inferring latch(es) for signal or variable "green_out", which holds its previous value in one or more paths through the process
Warning (10631): VHDL Process Statement warning at background.vhd(17): inferring latch(es) for signal or variable "blue_out", which holds its previous value in one or more paths through the process
Info (10041): Inferred latch for "blue_out[0]" at background.vhd(17)
Info (10041): Inferred latch for "blue_out[1]" at background.vhd(17)
Info (10041): Inferred latch for "blue_out[2]" at background.vhd(17)
Info (10041): Inferred latch for "blue_out[3]" at background.vhd(17)
Info (10041): Inferred latch for "green_out[0]" at background.vhd(17)
Info (10041): Inferred latch for "green_out[1]" at background.vhd(17)
Info (10041): Inferred latch for "green_out[2]" at background.vhd(17)
Info (10041): Inferred latch for "green_out[3]" at background.vhd(17)
Info (10041): Inferred latch for "red_out[0]" at background.vhd(17)
Info (10041): Inferred latch for "red_out[1]" at background.vhd(17)
Info (10041): Inferred latch for "red_out[2]" at background.vhd(17)
Info (10041): Inferred latch for "red_out[3]" at background.vhd(17)
Info (12128): Elaborating entity "textToDisplay" for hierarchy "textToDisplay:inst3"
Warning (10540): VHDL Signal Declaration warning at textToDisplay.vhd(23): used explicit default value for signal "sig_title" because signal was never assigned a value
Warning (10540): VHDL Signal Declaration warning at textToDisplay.vhd(27): used explicit default value for signal "sig_trainT" because signal was never assigned a value
Warning (10540): VHDL Signal Declaration warning at textToDisplay.vhd(33): used explicit default value for signal "sig_normT" because signal was never assigned a value
Warning (10540): VHDL Signal Declaration warning at textToDisplay.vhd(39): used explicit default value for signal "sig_lifeT" because signal was never assigned a value
Warning (10540): VHDL Signal Declaration warning at textToDisplay.vhd(41): used explicit default value for signal "sig_scoreT" because signal was never assigned a value
Warning (10540): VHDL Signal Declaration warning at textToDisplay.vhd(44): used explicit default value for signal "sigNumScore" because signal was never assigned a value
Warning (10540): VHDL Signal Declaration warning at textToDisplay.vhd(48): used explicit default value for signal "siggameOver" because signal was never assigned a value
Error (10818): Can't infer register for "textOn" at textToDisplay.vhd(63) because it does not hold its value outside the clock edge File: C:/Users/rnata/Documents/GitHub/Compsys305-Mini-Project/miniproject files/MiniprojectResources/textToDisplay.vhd Line: 63
Error (10822): HDL error at textToDisplay.vhd(63): couldn't implement registers for assignments on this clock edge File: C:/Users/rnata/Documents/GitHub/Compsys305-Mini-Project/miniproject files/MiniprojectResources/textToDisplay.vhd Line: 63
Error (12152): Can't elaborate user hierarchy "textToDisplay:inst3"
Error: Quartus II 64-Bit Analysis & Synthesis was unsuccessful. 3 errors, 23 warnings
    Error: Peak virtual memory: 4629 megabytes
    Error: Processing ended: Sun May 29 17:13:12 2022
    Error: Elapsed time: 00:00:02
    Error: Total CPU time (on all processors): 00:00:02


